<?xml version="1.0" encoding="UTF-8"?>
<!-- Generated by org.testng.reporters.JUnitReportReporter -->
<testsuite hostname="LAPTOP-LAAMSI9C" failures="0" tests="1" name="org.QAfoxProject.MP3Players.MP3Players_test15_test" time="9.138" errors="0" timestamp="2025-01-28T13:09:27 IST" skipped="0">
  <testcase classname="org.QAfoxProject.MP3Players.MP3Players_test15_test" name="addproduct_MP3players" time="9.138"/>
  <system-out>
    <![CDATA[MP3_Players_product Added]]>
  </system-out>
</testsuite> <!-- org.QAfoxProject.MP3Players.MP3Players_test15_test -->
