<?xml version="1.0" encoding="UTF-8"?>
<!-- Generated by org.testng.reporters.JUnitReportReporter -->
<testsuite hostname="LAPTOP-LAAMSI9C" failures="0" tests="1" name="Demo.DemoTask" time="0.476" errors="0" timestamp="2025-01-10T13:36:16 IST" skipped="0">
  <testcase classname="Demo.DemoTask" name="DemoTesting1" time="0.476"/>
  <system-out/>
</testsuite> <!-- Demo.DemoTask -->
